##################################################static result##################################################

# 分析用户需求

## 1. 列出用户的需求
- [显式需求] 旅行时间：2025年09月05日至2025年09月09日，共5天
- [显式需求] 出发城市：苏州市（具体从盛泽站出发）
- [显式需求] 目的城市：武汉市
- [显式需求] 旅行人数：2人
- [显式需求] 总预算：15700元
- [显式需求] 去程交通：2025年09月05日上午从盛泽站乘坐高铁出发
- [显式需求] 返程交通：2025年09月09日中午从武汉市搭乘高铁返回盛泽站（注意：用户错误地写成了"3月15日"，但根据上下文应为09月09日）
- [显式需求] 希望经济实惠，控制花费

## 2. 过滤动态需求和静态约束
- 总预算15700元：这是动态约束，不需要转换为Expr表达树，但需要填写到budgets字段
- "经济实惠"、"控制花费"：这是优化目标，属于动态约束，忽略
- 具体出发车站（盛泽站）：这是静态约束，需要转换为departure_transport_constraints
- 具体返程车站（返回盛泽站）：这是静态约束，需要转换为back_transport_constraints
- 出发时间（上午）和返程时间（中午）：这些是时间约束，但我们的Expr结构不支持时间点约束，所以忽略

## 3. 识别旅行阶段
这是一个单阶段旅行：
- original_city: 苏州市
- destinate_city: 武汉市
- travel_days: 5天（包括出发日和返程日）

## 4. 分析各类型约束
- 景点约束：用户没有提及任何关于景点的具体要求，所以attraction_constraints为null
- 住宿约束：用户没有提及任何关于住宿的具体要求，所以accommodation_constraints为null
- 餐厅约束：用户没有提及任何关于餐厅的具体要求，所以restaurant_constraints为null
- 交通约束：
  - departure_transport_constraints：需要指定出发车站为盛泽站
  - back_transport_constraints：需要指定目的地车站为盛泽站

## 5. 构建Expr表达树
- departure_transport_constraints：{"type": "op", "op": "==", "left": {"type": "field", "field": "origin_station"}, "right": {"type": "value", "value": "盛泽站"}}
- back_transport_constraints：{"type": "op", "op": "==", "right": {"type": "field", "field": "destination_station"}, "left": {"type": "value", "value": "盛泽站"}}

## 6. 填充IR字段
- start_date: "2025年09月05日"
- peoples: 2
- children_num: 0（用户未提及儿童）
- total_travel_days: 5
- budgets: 15700
- stages: 单阶段，苏州市到武汉市，5天
- departure_transport_constraints: 指定出发车站为盛泽站
- back_transport_constraints: 指定目的地车站为盛泽站
- intermediate_transport_constraints: null（单阶段旅行）

```json
{
  "start_date": "2025年09月05日",
  "peoples": 2,
  "children_num": 0,
  "total_travel_days": 5,
  "budgets": 15700,
  "departure_transport_constraints": {
    "type": "op",
    "op": "==",
    "left": {
      "type": "field",
      "field": "origin_station"
    },
    "right": {
      "type": "value",
      "value": "盛泽站"
    }
  },
  "back_transport_constraints": {
    "type": "op",
    "op": "==",
    "left": {
      "type": "field",
      "field": "destination_station"
    },
    "right": {
      "type": "value",
      "value": "盛泽站"
    }
  },
  "intermediate_transport_constraints": null,
  "stages": [
    {
      "original_city": "苏州市",
      "destinate_city": "武汉市",
      "travel_days": 5,
      "attraction_constraints": null,
      "accommodation_constraints": null,
      "restaurant_constraints": null
    }
  ]
}
```

##################################################dynamic result##################################################

我需要仔细分析用户的旅行需求，提取动态约束条件。

## 1. 分析用户需求

- **旅行基本信息**：
  - 出发地：苏州市
  - 目的地：武汉市
  - 旅行时间：2025年09月05日至2025年09月09日（5天）
  - 旅行人数：2人
  - 总预算：15700元
  - 希望尽量控制花费（这是优化目标，不是动态约束）

- **交通要求**：
  - 2025年09月05日上午从盛泽站乘坐高铁出发
  - 2025年09月09日中午从武汉市搭乘高铁返回盛泽站
  - 注意：用户写的是"3月15日"，但根据上下文应该是"9月09日"，因为旅行时间是9月5-9日

- **其他需求**：
  - 经济实惠的5日游攻略

## 2. 过滤静态需求和优化目标

- "希望尽量控制花费" 是优化目标，不是动态约束，忽略
- "经济实惠" 是主观描述，属于优化目标，忽略
- 具体的列车车次要求（盛泽站出发、返回）属于静态约束，忽略
- 没有提及具体的景点、餐厅、酒店偏好，所以没有需要在extra中处理的实体约束

## 3. 识别动态约束

- **总预算约束**：总预算15700元，这是一个明确的动态约束
- **旅行人数**：2人
- **房间数量**：2人，默认需要1间房（2/2=1）
- **儿童数量**：未提及，为0
- **多阶段旅行**：单目的地武汉，不是多阶段
- **市内交通方式**：未明确指定，默认为'none'（不受限制）
- **时间约束**：未提及具体的时间限制，默认使用系统默认值
- **每日POI数量**：未明确指定，默认使用系统默认值（景点1个/天，餐厅3个/天，酒店1个/天）

## 4. 构建动态约束

根据分析，主要的动态约束是总预算约束：

- total_budget: 总花费 <= 15700元
- num_travlers: 2
- rooms_per_night: 1
- children_num: 0
- multi_stage: false
- 其他时间相关约束使用默认值或设为null
- 交通方式未指定，设为默认
- 没有需要在extra中处理的特殊约束

## 5. 验证约束完整性

- 用户没有提及任何具体的景点、餐厅、酒店名称或类型
- 用户没有对每日开销、交通时间、排队时间等提出具体要求
- 用户的预算约束是针对整个行程的总预算
- 所有可提取的动态约束都已考虑

```json
{
  "num_travlers": 2,
  "rooms_per_night": 1,
  "children_num": 0,
  "multi_stage": false,
  "peoples_per_car": 4,
  "daily_total_time": {
    "type": "op",
    "op": "<=",
    "left": {
      "type": "field",
      "field": "daily_total_time"
    },
    "right": {
      "type": "value",
      "value": 840
    }
  },
  "daily_queue_time": null,
  "daily_total_restaurant_time": null,
  "daily_transportation_time": null,
  "total_active_time": null,
  "total_queue_time": null,
  "total_restaurant_time": null,
  "total_transportation_time": null,
  "infra_city_transportation": {
    "武汉市": "none"
  },
  "total_budget": {
    "type": "op",
    "op": "<=",
    "left": {
      "type": "field",
      "field": "total_cost"
    },
    "right": {
      "type": "value",
      "value": 15700
    }
  },
  "total_meal_budget": null,
  "total_attraction_ticket_budget": null,
  "total_hotel_budget": null,
  "total_transportation_budget": null,
  "daily_total_budget": null,
  "daily_total_meal_budget": null,
  "daily_total_attraction_ticket_budget": null,
  "daily_total_hotel_budget": null,
  "daily_total_transportation_budget": null,
  "extra": ""
}
```

##################################################objective result##################################################

### 需求分析

首先，我将用户的自然语言需求分解为具体的需求点：

1. **旅行时间**：2025年09月05日至2025年09月09日，共5天
2. **出发地/目的地**：苏州市到武汉市
3. **人数**：2人
4. **总预算**：15700元（这是一个硬性约束条件）
5. **出发要求**：2025年09月05日上午从盛泽站乘坐高铁出发（硬性约束）
6. **返回要求**：2025年09月09日中午从武汉市搭乘高铁返回盛泽站（硬性约束）
7. **核心优化目标**：**尽量控制花费**、**经济实惠**

### 约束条件 vs 优化目标识别

- **硬性约束条件**（不需要在目标函数中体现）：
  - 总预算 ≤ 15700元
  - 出发和返回的高铁时间要求
  - 5天行程安排
  - 2人出行

- **优化目标**：
  - "尽量控制花费" 和 "经济实惠" 表明用户希望**最小化总花费**
  - 这是最核心且唯一的明确优化目标

### 目标函数构建

根据用户的核心需求"尽量控制花费"和"经济实惠"，最合适的优化目标是**最小化总成本**。在给定的Schema中，`get_daily_total_cost(day)`函数已经包含了所有相关费用（景点门票、餐饮、住宿、交通、高铁等），并且已经考虑了人数因素。

因此，目标函数应该最小化5天行程的总成本之和。

```python
self.model.obj = pyo.Objective(rule=lambda m: sum(self.get_daily_total_cost(d) for d in m.days), sense=pyo.minimize)
```

