##################################################static result##################################################

# 分析步骤

## 1. 列出用户需求
- [显式需求] 旅行日期：2025年07月04日至2025年07月06日
- [显式需求] 出发城市：深圳市
- [显式需求] 目的城市：成都市
- [显式需求] 出发时间：2025年07月04日上午
- [显式需求] 返回时间：2025年07月06日下午
- [显式需求] 预算：16900元
- [显式需求] 至少游览风景名胜
- [显式需求] 入住高质量酒店
- [显式需求] 选择高评分餐饮

## 2. 过滤动态需求和静态约束
- 旅行日期、出发/返回城市、预算：这些是基本行程信息，需要填入IR字段
- "至少游览风景名胜"：这是存在量词（行程中至少包含一个风景名胜），属于动态约束，忽略
- "入住高质量酒店"：这是一个模糊描述，没有明确的量化标准（如具体评分值或星级），无法转换为静态约束
- "选择高评分餐饮"：这是一个模糊描述，没有明确的评分阈值，无法转换为静态约束

## 3. 识别旅行阶段
- 这是一个单阶段旅行：从深圳市到成都市，然后返回
- original_city: 深圳市
- destinate_city: 成都市
- travel_days: 3天（7月4日、5日、6日）

## 4. 分析约束条件
- 景点约束：用户提到"至少游览风景名胜"，但没有指定具体的评分、价格等可量化条件，无法转换为静态约束
- 住宿约束：用户提到"高质量酒店"，但没有明确的评分阈值、价格范围或具体类型，无法转换为静态约束
- 餐厅约束：用户提到"高评分餐饮"，但没有明确的评分阈值或价格范围，无法转换为静态约束
- 交通约束：用户没有对跨城交通提出任何具体约束

## 5. 填充IR字段
- start_date: "2025年07月04日"
- peoples: 1（默认值，用户未提及人数）
- children_num: 0（默认值，用户未提及儿童）
- total_travel_days: 3（7月4日至7月6日，包含首尾两天）
- budgets: 16900
- stages: 单阶段，从深圳市到成都市，游玩3天
- 所有约束字段均为null，因为用户没有提供可量化的静态约束条件

```json
{
  "start_date": "2025年07月04日",
  "peoples": 1,
  "children_num": 0,
  "total_travel_days": 3,
  "budgets": 16900,
  "departure_transport_constraints": null,
  "back_transport_constraints": null,
  "intermediate_transport_constraints": null,
  "stages": [
    {
      "original_city": "深圳市",
      "destinate_city": "成都市",
      "travel_days": 3,
      "attraction_constraints": null,
      "accommodation_constraints": null,
      "restaurant_constraints": null
    }
  ]
}
```

##################################################dynamic result##################################################

我需要仔细分析用户的旅行需求，提取动态约束条件。

## 1. 分析用户需求

- **时间安排**：2025年07月04日至2025年07月06日，从深圳市前往成都市旅游（3天2晚）
- **预算**：16900元（总预算）[显式需求]
- **景点要求**：至少游览风景名胜 [显式需求]
- **住宿要求**：入住高质量酒店 [显式需求]
- **餐饮要求**：选择高评分餐饮 [显式需求]

## 2. 过滤静态需求和优化目标

- "入住高质量酒店" - 这是优化目标，没有具体量化标准，属于优化目标而非动态约束
- "选择高评分餐饮" - 这也是优化目标，没有具体量化标准，属于优化目标而非动态约束
- "至少游览风景名胜" - 这是一个动态约束，需要在行程中包含至少一个风景名胜类型的景点

## 3. 识别有效的动态约束

- **总预算约束**：16900元
- **景点类型约束**：必须包含至少一个"风景名胜"类型的景点

## 4. 分析约束类型

- 预算约束可以用预设字段表达
- 景点类型约束无法用预设字段表达，需要在extra字段中编写代码

## 5. 构建dynamic_constraint

### 基本信息
- 旅行人数：默认1人（用户未明确说明人数）
- 房间数：默认1间（1人）
- 儿童数量：0
- 多阶段旅行：false（只有成都一个目的地）
- 市内交通方式：未指定，默认为'none'

### 预算约束
- total_budget: 总预算不超过16900元

### 额外约束
- 必须包含至少一个风景名胜类型的景点

## 6. 检查是否有遗漏

用户没有提及具体的用餐时间、排队时间、交通时间等约束，也没有指定具体的景点名称、餐厅名称或菜品，所以只需要处理总预算和风景名胜这两个动态约束。

```json
{
  "num_travlers": 1,
  "rooms_per_night": 1,
  "children_num": 0,
  "multi_stage": false,
  "peoples_per_car": 4,
  "daily_total_time": {
    "type": "op",
    "op": "<=",
    "left": {
      "type": "field",
      "field": "daily_total_time"
    },
    "right": {
      "type": "value",
      "value": 840
    }
  },
  "daily_queue_time": null,
  "daily_total_restaurant_time": null,
  "daily_transportation_time": null,
  "total_active_time": null,
  "total_queue_time": null,
  "total_restaurant_time": null,
  "total_transportation_time": null,
  "infra_city_transportation": {
    "成都市": "none"
  },
  "total_budget": {
    "type": "op",
    "op": "<=",
    "left": {
      "type": "field",
      "field": "total_cost"
    },
    "right": {
      "type": "value",
      "value": 16900
    }
  },
  "total_meal_budget": null,
  "total_attraction_ticket_budget": null,
  "total_hotel_budget": null,
  "total_transportation_budget": null,
  "daily_total_budget": null,
  "daily_total_meal_budget": null,
  "daily_total_attraction_ticket_budget": null,
  "daily_total_hotel_budget": null,
  "daily_total_transportation_budget": null,
  "extra": "self.model.must_have_scenic_spot = pyo.Constraint(\n    rule=lambda m: sum(\n        self.model.select_attr[d, a]\n        for d in self.model.days\n        for a in self.model.attractions\n        if ('风景名胜' in self.model.attr_data[a]['type'])\n    ) >= 1\n)"
}
```

##################################################objective result##################################################

我需要仔细分析用户的需求，区分约束条件和优化目标。

**需求分析：**
1. 时间：2025年07月04日至2025年07月06日（3天行程）
2. 路线：深圳市→成都市→深圳市
3. 预算：16900元（这是硬性约束，不是优化目标）
4. 必须游览风景名胜（硬性约束）
5. 入住高质量酒店（优化目标 - 最大化酒店评分）
6. 选择高评分餐饮（优化目标 - 最大化餐厅评分）

**优化目标识别：**
- 用户明确要求"高质量酒店"和"高评分餐饮"，这表明需要最大化住宿和餐饮的评分
- 由于提到了"风景名胜"，虽然这是必须满足的约束，但也可以在满足约束的前提下选择评分更高的景点
- 因此整体优化目标是最大化总体验质量（景点+酒店+餐厅的综合评分）

**转换为数学目标：**
根据Schema中的预设函数，我可以使用`get_daily_total_rating(day)`来获取每天的总评分（包含景点、餐厅和酒店评分），然后最大化整个行程的总评分。

```python
# 高质量旅行体验优化目标
# 最大化景点、酒店和餐厅的综合评分
def objective_rule(model):
    total_rating = sum(self.get_daily_total_rating(day) for day in days)
    return total_rating

self.model.obj = pyo.Objective(rule=objective_rule, sense=pyo.maximize)
```

